05-31 10:46:41 com_github_MitjaNemec_ReplicateLayout.action_replicate_layout 359:Plugin executed on: 'darwin'
05-31 10:46:41 com_github_MitjaNemec_ReplicateLayout.action_replicate_layout 360:Plugin executed with python version: '3.9.13 (v3.9.13:6de2ca5339, May 17 2022, 11:37:23) \n[Clang 13.0.0 (clang-1300.0.29.30)]'
05-31 10:46:41 com_github_MitjaNemec_ReplicateLayout.action_replicate_layout 361:KiCad build version: 7.0.2-0
05-31 10:46:41 com_github_MitjaNemec_ReplicateLayout.action_replicate_layout 362:Plugin version: 2.0.13
05-31 10:46:41 com_github_MitjaNemec_ReplicateLayout.action_replicate_layout 363:Frame repr: <wx._core.Frame object at 0x124083550>
05-31 10:46:41 com_github_MitjaNemec_ReplicateLayout.action_replicate_layout 387:Preparing replicator with H1 as a reference
05-31 10:46:41 com_github_MitjaNemec_ReplicateLayout.replicate_layout 113:getting a list of all footprints on board
05-31 10:46:41 com_github_MitjaNemec_ReplicateLayout.action_replicate_layout 435:source anchor footprint is 'H1'
Located on: ['Servo Connectors']
With filenames: ['servo.kicad_sch']
With sheet_id:['Servo Connectors']
05-31 10:46:41 com_github_MitjaNemec_ReplicateLayout.action_replicate_layout 442:Corresponding footprints are 
[('H4', ['Servo Extender', 'Servo Connectors1']), ('H1', ['Servo Connectors'])]
05-31 10:46:41 com_github_MitjaNemec_ReplicateLayout.action_replicate_layout 454:Showing dialog
05-31 10:46:41 com_github_MitjaNemec_ReplicateLayout.replicate_layout 390:constructing a list of sheets suitable for replication on level:'Servo Connectors', file:'servo.kicad_sch'
05-31 10:46:41 com_github_MitjaNemec_ReplicateLayout.replicate_layout 427:suitable sheets are:[['Servo Extender', 'Servo Connectors1']]
05-31 10:46:41 com_github_MitjaNemec_ReplicateLayout.replicate_layout 1349:Level selected: ['Servo Connectors']
05-31 10:46:41 com_github_MitjaNemec_ReplicateLayout.replicate_layout 1184:Filtering list of tracks
05-31 10:46:41 com_github_MitjaNemec_ReplicateLayout.action_replicate_layout 460:Toolbar position: wx.Point(1184, 134)
05-31 10:46:41 com_github_MitjaNemec_ReplicateLayout.action_replicate_layout 465:Dialog position: wx.Point(820, 134)
05-31 10:46:44 com_github_MitjaNemec_ReplicateLayout.replicate_layout 390:constructing a list of sheets suitable for replication on level:'Servo Connectors', file:'servo.kicad_sch'
05-31 10:46:44 com_github_MitjaNemec_ReplicateLayout.replicate_layout 427:suitable sheets are:[['Servo Extender', 'Servo Connectors1']]
05-31 10:46:44 com_github_MitjaNemec_ReplicateLayout.action_replicate_layout 207:Replicating layout
05-31 10:46:44 com_github_MitjaNemec_ReplicateLayout.replicate_layout 236:Starting replication of sheets: [['Servo Extender', 'Servo Connectors1']]
on level: ['Servo Connectors']
with tracks=True, zone=True, text=True, text=True, intersecting=False, remove=False, locked footprints=False, group_only=False
05-31 10:46:44 root 299:updating GUI message: 'Preparing for replication'
05-31 10:46:44 root 304:updating GUI with: 0
05-31 10:46:44 com_github_MitjaNemec_ReplicateLayout.replicate_layout 306:Getting the list of source footprints
05-31 10:46:44 root 304:updating GUI with: 0
05-31 10:46:44 com_github_MitjaNemec_ReplicateLayout.replicate_layout 316:Getting the list of all the remaining footprints
05-31 10:46:44 com_github_MitjaNemec_ReplicateLayout.replicate_layout 323:Getting source tracks
05-31 10:46:44 com_github_MitjaNemec_ReplicateLayout.replicate_layout 1184:Filtering list of tracks
05-31 10:46:44 com_github_MitjaNemec_ReplicateLayout.replicate_layout 327:Getting source zones
05-31 10:46:44 com_github_MitjaNemec_ReplicateLayout.replicate_layout 331:Getting source text items
05-31 10:46:44 com_github_MitjaNemec_ReplicateLayout.replicate_layout 335:Getting source drawing items
05-31 10:46:44 root 299:updating GUI message: 'Replicating footprints'
05-31 10:46:44 com_github_MitjaNemec_ReplicateLayout.replicate_layout 741:Replicating footprints
05-31 10:46:44 com_github_MitjaNemec_ReplicateLayout.replicate_layout 747:Replicating footprints on sheet ['Servo Extender', 'Servo Connectors1']
05-31 10:46:44 root 299:updating GUI message: 'Replicating tracks'
05-31 10:46:44 com_github_MitjaNemec_ReplicateLayout.replicate_layout 906:Replicating tracks
05-31 10:46:44 com_github_MitjaNemec_ReplicateLayout.replicate_layout 912:Replicating tracks on sheet ['Servo Extender', 'Servo Connectors1']
05-31 10:46:44 com_github_MitjaNemec_ReplicateLayout.replicate_layout 736:Net pairs for sheet ['Servo Extender', 'Servo Connectors1'] :[('/SERVO5', '/Servo Extender/SERVO5'), ('/SERVO9', '/Servo Extender/SERVO9'), ('GND', 'GND'), ('/SERVO3', '/Servo Extender/SERVO3'), ('/SERVO1', '/Servo Extender/SERVO1'), ('/SERVO6', '/Servo Extender/SERVO6'), ('unconnected-(D8-Pad1)', 'unconnected-(D9-Pad1)'), ('/SERVO8', '/Servo Extender/SERVO8'), ('/SERVO7', '/Servo Extender/SERVO7'), ('/SERVO2', '/Servo Extender/SERVO2'), ('+BATT', '+BATT'), ('/SERVO4', '/Servo Extender/SERVO4')]
05-31 10:46:44 root 299:updating GUI message: 'Replicating zones'
05-31 10:46:44 com_github_MitjaNemec_ReplicateLayout.replicate_layout 964:Replicating zones
05-31 10:46:44 com_github_MitjaNemec_ReplicateLayout.replicate_layout 971:Replicating zones on sheet ['Servo Extender', 'Servo Connectors1']
05-31 10:46:44 com_github_MitjaNemec_ReplicateLayout.replicate_layout 736:Net pairs for sheet ['Servo Extender', 'Servo Connectors1'] :[('/SERVO5', '/Servo Extender/SERVO5'), ('/SERVO9', '/Servo Extender/SERVO9'), ('GND', 'GND'), ('/SERVO3', '/Servo Extender/SERVO3'), ('/SERVO1', '/Servo Extender/SERVO1'), ('/SERVO6', '/Servo Extender/SERVO6'), ('unconnected-(D8-Pad1)', 'unconnected-(D9-Pad1)'), ('/SERVO8', '/Servo Extender/SERVO8'), ('/SERVO7', '/Servo Extender/SERVO7'), ('/SERVO2', '/Servo Extender/SERVO2'), ('+BATT', '+BATT'), ('/SERVO4', '/Servo Extender/SERVO4')]
05-31 10:46:44 root 299:updating GUI message: 'Replicating text'
05-31 10:46:44 com_github_MitjaNemec_ReplicateLayout.replicate_layout 1042:Replicating text
05-31 10:46:44 root 304:updating GUI with: 0
05-31 10:46:44 com_github_MitjaNemec_ReplicateLayout.replicate_layout 1049:Replicating text on sheet ['Servo Extender', 'Servo Connectors1']
05-31 10:46:44 root 299:updating GUI message: 'Replicating drawings'
05-31 10:46:44 com_github_MitjaNemec_ReplicateLayout.replicate_layout 1082:Replicating drawings
05-31 10:46:44 com_github_MitjaNemec_ReplicateLayout.replicate_layout 1088:Replicating drawings on sheet ['Servo Extender', 'Servo Connectors1']
05-31 10:46:45 com_github_MitjaNemec_ReplicateLayout.action_replicate_layout 223:Replication complete
